{"timestamp":"2018-09-29 17:17:38.248 +0900","level":"info","message":"updateAllSensor : { name : undefined, flameSensor : undefined, smokeSensor : undefined, temperatureSensor : undefined, severityLevel : NaN}"}
{"timestamp":"2018-09-29 17:19:19.993 +0900","level":"info","message":"updateAllSensor : { name : undefined, flameSensor : undefined, smokeSensor : undefined, temperatureSensor : undefined, severityLevel : NaN}"}
{"timestamp":"2018-09-29 17:20:14.894 +0900","level":"info","message":"updateAllSensor : { name : undefined, flameSensor : undefined, smokeSensor : undefined, temperatureSensor : undefined, severityLevel : NaN}"}
{"timestamp":"2018-09-29 17:21:33.932 +0900","level":"info","message":"updateAllSensor : { name : undefined, flameSensor : undefined, smokeSensor : undefined, temperatureSensor : undefined, severityLevel : NaN}"}
{"timestamp":"2018-09-29 17:23:25.168 +0900","level":"info","message":"updateAllSensor : { name : undefined, flameSensor : undefined, smokeSensor : undefined, temperatureSensor : undefined, severityLevel : NaN}"}
{"timestamp":"2018-09-29 17:24:12.736 +0900","level":"info","message":"updateAllSensor : { name : undefined, flameSensor : undefined, smokeSensor : undefined, temperatureSensor : undefined, severityLevel : NaN}"}
{"timestamp":"2018-09-29 17:25:05.877 +0900","level":"info","message":"updateAllSensor : { name : undefined, flameSensor : undefined, smokeSensor : undefined, temperatureSensor : undefined, severityLevel : NaN}"}
{"timestamp":"2018-09-29 17:28:01.755 +0900","level":"info","message":"updateAllSensor : { name : undefined, flameSensor : undefined, smokeSensor : undefined, temperatureSensor : undefined, severityLevel : NaN}"}
{"timestamp":"2018-09-29 17:28:13.803 +0900","level":"info","message":"updateAllSensor : { name : undefined, flameSensor : undefined, smokeSensor : undefined, temperatureSensor : undefined, severityLevel : NaN}"}
{"timestamp":"2018-09-29 17:28:54.004 +0900","level":"info","message":"updateAllSensor : { name : undefined, flameSensor : undefined, smokeSensor : undefined, temperatureSensor : undefined, severityLevel : NaN}"}
{"timestamp":"2018-09-29 17:30:29.079 +0900","level":"info","message":"updateAllSensor : { name : undefined, flameSensor : undefined, smokeSensor : undefined, temperatureSensor : undefined, severityLevel : NaN}"}
{"timestamp":"2018-09-29 17:31:47.300 +0900","level":"info","message":"updateAllSensor : { name : undefined, flameSensor : undefined, smokeSensor : undefined, temperatureSensor : undefined, severityLevel : NaN}"}
{"timestamp":"2018-09-29 17:32:27.597 +0900","level":"info","message":"updateAllSensor : { name : undefined, flameSensor : undefined, smokeSensor : undefined, temperatureSensor : undefined, severityLevel : NaN}"}
{"timestamp":"2018-09-29 17:35:52.665 +0900","level":"info","message":"updateAllSensor : { name : undefined, flameSensor : undefined, smokeSensor : undefined, temperatureSensor : undefined, severityLevel : NaN}"}
{"timestamp":"2018-09-29 17:37:53.138 +0900","level":"info","message":"updateAllSensor : { name : undefined, flameSensor : undefined, smokeSensor : undefined, temperatureSensor : undefined, severityLevel : NaN}"}
{"timestamp":"2018-09-29 17:39:08.147 +0900","level":"info","message":"updateAllSensor : { name : undefined, flameSensor : undefined, smokeSensor : undefined, temperatureSensor : undefined, severityLevel : NaN}"}
{"timestamp":"2018-09-29 17:39:56.244 +0900","level":"info","message":"updateAllSensor : { name : undefined, flameSensor : undefined, smokeSensor : undefined, temperatureSensor : undefined, severityLevel : NaN}"}
{"timestamp":"2018-09-29 17:40:26.364 +0900","level":"info","message":"updateAllSensor : { name : undefined, flameSensor : undefined, smokeSensor : undefined, temperatureSensor : undefined, severityLevel : NaN}"}
{"timestamp":"2018-09-29 17:41:08.010 +0900","level":"info","message":"updateAllSensor : { name : undefined, flameSensor : undefined, smokeSensor : undefined, temperatureSensor : undefined, severityLevel : NaN}"}
{"timestamp":"2018-09-29 17:42:08.627 +0900","level":"info","message":"updateAllSensor : { name : undefined, flameSensor : undefined, smokeSensor : undefined, temperatureSensor : undefined, severityLevel : NaN}"}
{"timestamp":"2018-09-29 17:42:41.327 +0900","level":"info","message":"updateAllSensor : { name : undefined, flameSensor : undefined, smokeSensor : undefined, temperatureSensor : undefined, severityLevel : NaN}"}
{"timestamp":"2018-09-29 17:55:07.447 +0900","level":"info","message":"updateAllSensor : { name : undefined, flameSensor : undefined, smokeSensor : undefined, temperatureSensor : undefined, severityLevel : NaN}"}
{"timestamp":"2018-09-29 18:18:00.425 +0900","level":"info","message":"updateAllSensor : { name : undefined, flameSensor : undefined, smokeSensor : undefined, temperatureSensor : undefined, severityLevel : NaN}"}
{"timestamp":"2018-09-29 18:18:53.232 +0900","level":"info","message":"updateAllSensor : { name : undefined, flameSensor : undefined, smokeSensor : undefined, temperatureSensor : undefined, severityLevel : NaN}"}
{"timestamp":"2018-09-29 18:19:56.276 +0900","level":"info","message":"updateAllSensor : { name : undefined, flameSensor : undefined, smokeSensor : undefined, temperatureSensor : undefined, severityLevel : NaN}"}
{"timestamp":"2018-09-29 18:19:56.589 +0900","level":"info","message":"updateAllSensor : { name : undefined, flameSensor : undefined, smokeSensor : undefined, temperatureSensor : undefined, severityLevel : NaN}"}
{"timestamp":"2018-09-29 18:19:58.661 +0900","level":"info","message":"updateAllSensor : { name : undefined, flameSensor : undefined, smokeSensor : undefined, temperatureSensor : undefined, severityLevel : NaN}"}
{"timestamp":"2018-09-29 18:23:12.958 +0900","level":"info","message":"updateAllSensor : { name : undefined, flameSensor : undefined, smokeSensor : undefined, temperatureSensor : undefined, severityLevel : NaN}"}
{"timestamp":"2018-09-29 19:20:20.639 +0900","level":"info","message":"updateAllSensor : { name : EXIT1, flameSensor : 1023, smokeSensor : 56, temperatureSensor : 28.5, severityLevel : 3.42}"}
{"timestamp":"2018-09-29 19:20:22.104 +0900","level":"info","message":"updateAllSensor : { name : EXIT1, flameSensor : 1023, smokeSensor : 59, temperatureSensor : 29.6, severityLevel : 3.56}"}
{"timestamp":"2018-09-29 19:20:27.083 +0900","level":"info","message":"updateAllSensor : { name : EXIT1, flameSensor : 1023, smokeSensor : 59, temperatureSensor : 29.6, severityLevel : 3.56}"}
{"timestamp":"2018-09-29 19:20:35.552 +0900","level":"info","message":"updateAllSensor : { name : EXIT1, flameSensor : 1023, smokeSensor : 59, temperatureSensor : 29.6, severityLevel : 3.56}"}
{"timestamp":"2018-09-29 19:20:37.547 +0900","level":"info","message":"updateAllSensor : { name : EXIT1, flameSensor : 1023, smokeSensor : 58, temperatureSensor : 29.7, severityLevel : 3.56}"}
{"timestamp":"2018-09-29 19:20:42.142 +0900","level":"info","message":"updateAllSensor : { name : EXIT1, flameSensor : 1023, smokeSensor : 59, temperatureSensor : 29.7, severityLevel : 3.57}"}
{"timestamp":"2018-09-29 19:20:47.118 +0900","level":"info","message":"updateAllSensor : { name : EXIT1, flameSensor : 1023, smokeSensor : 59, temperatureSensor : 29.7, severityLevel : 3.57}"}
{"timestamp":"2018-09-29 19:20:52.330 +0900","level":"info","message":"updateAllSensor : { name : EXIT1, flameSensor : 1023, smokeSensor : 59, temperatureSensor : 29.7, severityLevel : 3.57}"}
{"timestamp":"2018-09-29 19:20:57.140 +0900","level":"info","message":"updateAllSensor : { name : EXIT1, flameSensor : 1023, smokeSensor : 58, temperatureSensor : 29.7, severityLevel : 3.56}"}
{"timestamp":"2018-09-29 19:21:02.023 +0900","level":"info","message":"updateAllSensor : { name : EXIT1, flameSensor : 1023, smokeSensor : 58, temperatureSensor : 29.7, severityLevel : 3.56}"}
{"timestamp":"2018-09-29 19:21:07.369 +0900","level":"info","message":"updateAllSensor : { name : EXIT1, flameSensor : 1023, smokeSensor : 59, temperatureSensor : 29.7, severityLevel : 3.57}"}
{"timestamp":"2018-09-29 19:21:12.271 +0900","level":"info","message":"updateAllSensor : { name : EXIT1, flameSensor : 1023, smokeSensor : 58, temperatureSensor : 29.8, severityLevel : 3.57}"}
{"timestamp":"2018-09-29 19:23:56.580 +0900","level":"info","message":"updateAllSensor : { name : EXIT1, flameSensor : 1023, smokeSensor : 84, temperatureSensor : 29.8, severityLevel : 3.83}"}
{"timestamp":"2018-09-29 19:25:00.194 +0900","level":"info","message":"updateAllSensor : { name : EXIT1, flameSensor : 1023, smokeSensor : 83, temperatureSensor : 30.4, severityLevel : 3.88}"}
{"timestamp":"2018-09-29 19:25:05.030 +0900","level":"info","message":"updateAllSensor : { name : EXIT1, flameSensor : 1023, smokeSensor : 81, temperatureSensor : 30.8, severityLevel : 3.9}"}
{"timestamp":"2018-09-29 19:25:09.992 +0900","level":"info","message":"updateAllSensor : { name : EXIT1, flameSensor : 3, smokeSensor : 85, temperatureSensor : 30.8, severityLevel : 14.14}"}
{"timestamp":"2018-09-29 19:25:15.372 +0900","level":"info","message":"updateAllSensor : { name : EXIT1, flameSensor : 1023, smokeSensor : 84, temperatureSensor : 30.8, severityLevel : 3.93}"}
{"timestamp":"2018-09-29 19:25:20.190 +0900","level":"info","message":"updateAllSensor : { name : EXIT1, flameSensor : 1023, smokeSensor : 949, temperatureSensor : 30.9, severityLevel : 12.59}"}
{"timestamp":"2018-09-29 19:25:25.024 +0900","level":"info","message":"updateAllSensor : { name : EXIT1, flameSensor : 1023, smokeSensor : 348, temperatureSensor : 31.1, severityLevel : 6.6}"}
{"timestamp":"2018-09-29 19:25:29.956 +0900","level":"info","message":"updateAllSensor : { name : EXIT1, flameSensor : 1023, smokeSensor : 196, temperatureSensor : 31.3, severityLevel : 5.1}"}
{"timestamp":"2018-09-29 19:25:54.545 +0900","level":"info","message":"updateAllSensor : { name : EXIT1, flameSensor : 1023, smokeSensor : 86, temperatureSensor : 31.5, severityLevel : 4.02}"}
{"timestamp":"2018-09-29 19:25:54.995 +0900","level":"info","message":"updateAllSensor : { name : EXIT1, flameSensor : 1023, smokeSensor : 86, temperatureSensor : 31.5, severityLevel : 4.02}"}
{"timestamp":"2018-09-29 19:25:55.779 +0900","level":"info","message":"updateAllSensor : { name : EXIT1, flameSensor : 1023, smokeSensor : 86, temperatureSensor : 31.5, severityLevel : 4.02}"}
{"timestamp":"2018-09-29 19:30:58.077 +0900","level":"info","message":"updateAllSensor : { name : EXIT1, flameSensor : 1023, smokeSensor : 75, temperatureSensor : 30.9, severityLevel : 3.85}"}
{"timestamp":"2018-09-29 19:31:03.072 +0900","level":"info","message":"updateAllSensor : { name : EXIT1, flameSensor : 1023, smokeSensor : 74, temperatureSensor : 31.1, severityLevel : 3.86}"}
{"timestamp":"2018-09-29 19:31:08.115 +0900","level":"info","message":"updateAllSensor : { name : EXIT1, flameSensor : 1023, smokeSensor : 74, temperatureSensor : 31.2, severityLevel : 3.87}"}
{"timestamp":"2018-09-29 19:31:12.846 +0900","level":"info","message":"updateAllSensor : { name : EXIT1, flameSensor : 0, smokeSensor : 74, temperatureSensor : 31.2, severityLevel : 14.1}"}
{"timestamp":"2018-09-29 19:31:17.766 +0900","level":"info","message":"updateAllSensor : { name : EXIT1, flameSensor : 0, smokeSensor : 73, temperatureSensor : 31.3, severityLevel : 14.1}"}
{"timestamp":"2018-09-29 19:31:22.959 +0900","level":"info","message":"updateAllSensor : { name : EXIT1, flameSensor : 1, smokeSensor : 73, temperatureSensor : 31.3, severityLevel : 14.09}"}
{"timestamp":"2018-09-29 19:31:27.774 +0900","level":"info","message":"updateAllSensor : { name : EXIT1, flameSensor : 783, smokeSensor : 73, temperatureSensor : 31.4, severityLevel : 6.28}"}
{"timestamp":"2018-09-29 19:31:32.835 +0900","level":"info","message":"updateAllSensor : { name : EXIT1, flameSensor : 1023, smokeSensor : 74, temperatureSensor : 31.4, severityLevel : 3.89}"}
{"timestamp":"2018-09-29 19:31:37.761 +0900","level":"info","message":"updateAllSensor : { name : EXIT1, flameSensor : 1023, smokeSensor : 74, temperatureSensor : 31.5, severityLevel : 3.9}"}
{"timestamp":"2018-09-29 19:33:18.100 +0900","level":"info","message":"updateAllSensor : { name : EXIT1, flameSensor : 1023, smokeSensor : 73, temperatureSensor : 31.6, severityLevel : 3.9}"}
{"timestamp":"2018-09-29 19:33:23.130 +0900","level":"info","message":"updateAllSensor : { name : EXIT1, flameSensor : 1023, smokeSensor : 73, temperatureSensor : 32.8, severityLevel : 4.02}"}
{"timestamp":"2018-09-29 19:33:27.996 +0900","level":"info","message":"updateAllSensor : { name : EXIT1, flameSensor : 0, smokeSensor : 73, temperatureSensor : 32.8, severityLevel : 14.25}"}
{"timestamp":"2018-09-29 19:33:33.198 +0900","level":"info","message":"updateAllSensor : { name : EXIT1, flameSensor : 2, smokeSensor : 73, temperatureSensor : 32.8, severityLevel : 14.23}"}
{"timestamp":"2018-09-29 19:33:38.047 +0900","level":"info","message":"updateAllSensor : { name : EXIT1, flameSensor : 231, smokeSensor : 73, temperatureSensor : 32.9, severityLevel : 11.95}"}
{"timestamp":"2018-09-29 19:38:17.103 +0900","level":"info","message":"updateAllSensor : { name : EXIT1, flameSensor : 1023, smokeSensor : 69, temperatureSensor : 33, severityLevel : 4}"}
{"timestamp":"2018-09-29 19:38:20.090 +0900","level":"info","message":"updateAllSensor : { name : EXIT1, flameSensor : 1023, smokeSensor : 69, temperatureSensor : 32.7, severityLevel : 3.97}"}
{"timestamp":"2018-09-29 19:38:25.628 +0900","level":"info","message":"updateAllSensor : { name : EXIT1, flameSensor : 1023, smokeSensor : 69, temperatureSensor : 32.8, severityLevel : 3.98}"}
{"timestamp":"2018-09-29 19:38:30.850 +0900","level":"info","message":"updateAllSensor : { name : EXIT1, flameSensor : 1023, smokeSensor : 68, temperatureSensor : 32.9, severityLevel : 3.98}"}
{"timestamp":"2018-09-29 19:38:34.949 +0900","level":"info","message":"updateAllSensor : { name : EXIT1, flameSensor : 1023, smokeSensor : 69, temperatureSensor : 33, severityLevel : 4}"}
{"timestamp":"2018-09-29 19:40:15.330 +0900","level":"info","message":"updateAllSensor : { name : EXIT1, flameSensor : 1023, smokeSensor : 69, temperatureSensor : 33.1, severityLevel : 4.01}"}
{"timestamp":"2018-09-29 19:40:20.264 +0900","level":"info","message":"updateAllSensor : { name : EXIT1, flameSensor : 1023, smokeSensor : 69, temperatureSensor : 34.1, severityLevel : 4.11}"}
{"timestamp":"2018-09-29 19:40:25.481 +0900","level":"info","message":"updateAllSensor : { name : EXIT1, flameSensor : 426, smokeSensor : 69, temperatureSensor : 34, severityLevel : 10.07}"}
{"timestamp":"2018-09-29 19:40:30.448 +0900","level":"info","message":"updateAllSensor : { name : EXIT1, flameSensor : 0, smokeSensor : 69, temperatureSensor : 33.9, severityLevel : 14.32}"}
{"timestamp":"2018-09-29 19:40:35.312 +0900","level":"info","message":"updateAllSensor : { name : EXIT1, flameSensor : 0, smokeSensor : 69, temperatureSensor : 33.9, severityLevel : 14.32}"}
{"timestamp":"2018-09-29 19:54:57.901 +0900","level":"info","message":"updateAllSensor : { name : EXIT1, flameSensor : 1023, smokeSensor : 65, temperatureSensor : 33.8, severityLevel : 4.04}"}
{"timestamp":"2018-09-29 19:55:01.751 +0900","level":"info","message":"updateAllSensor : { name : EXIT1, flameSensor : 1023, smokeSensor : 65, temperatureSensor : 31.5, severityLevel : 3.81}"}
{"timestamp":"2018-09-29 19:55:06.875 +0900","level":"info","message":"updateAllSensor : { name : EXIT1, flameSensor : 1023, smokeSensor : 65, temperatureSensor : 31.4, severityLevel : 3.8}"}
{"timestamp":"2018-09-29 19:55:12.058 +0900","level":"info","message":"updateAllSensor : { name : EXIT1, flameSensor : 1023, smokeSensor : 67, temperatureSensor : 31.4, severityLevel : 3.82}"}
{"timestamp":"2018-09-29 19:55:17.341 +0900","level":"info","message":"updateAllSensor : { name : EXIT1, flameSensor : 523, smokeSensor : 68, temperatureSensor : 31.4, severityLevel : 8.83}"}
{"timestamp":"2018-09-29 19:55:21.799 +0900","level":"info","message":"updateAllSensor : { name : EXIT1, flameSensor : 99, smokeSensor : 76, temperatureSensor : 31.4, severityLevel : 13.15}"}
{"timestamp":"2018-09-29 19:55:27.149 +0900","level":"info","message":"updateAllSensor : { name : EXIT1, flameSensor : 294, smokeSensor : 81, temperatureSensor : 31.8, severityLevel : 11.29}"}
{"timestamp":"2018-09-29 19:55:32.070 +0900","level":"info","message":"updateAllSensor : { name : EXIT1, flameSensor : 406, smokeSensor : 79, temperatureSensor : 32.2, severityLevel : 10.19}"}
{"timestamp":"2018-09-29 19:55:37.202 +0900","level":"info","message":"updateAllSensor : { name : EXIT1, flameSensor : 1023, smokeSensor : 69, temperatureSensor : 32, severityLevel : 3.9}"}
{"timestamp":"2018-09-29 19:55:42.543 +0900","level":"info","message":"updateAllSensor : { name : EXIT1, flameSensor : 1023, smokeSensor : 69, temperatureSensor : 31.6, severityLevel : 3.86}"}
{"timestamp":"2018-09-29 19:55:47.116 +0900","level":"info","message":"updateAllSensor : { name : EXIT1, flameSensor : 1023, smokeSensor : 68, temperatureSensor : 31.4, severityLevel : 3.83}"}
{"timestamp":"2018-09-29 19:59:16.300 +0900","level":"info","message":"updateAllSensor : { name : EXIT1, flameSensor : 18, smokeSensor : 68, temperatureSensor : 31.3, severityLevel : 13.87}"}
{"timestamp":"2018-09-29 19:59:16.678 +0900","level":"info","message":"updateAllSensor : { name : EXIT1, flameSensor : 327, smokeSensor : 67, temperatureSensor : 32.2, severityLevel : 10.86}"}
{"timestamp":"2018-09-29 19:59:17.520 +0900","level":"info","message":"updateAllSensor : { name : EXIT1, flameSensor : 312, smokeSensor : 67, temperatureSensor : 32.2, severityLevel : 11.01}"}
{"timestamp":"2018-09-29 19:59:18.274 +0900","level":"info","message":"updateAllSensor : { name : EXIT1, flameSensor : 326, smokeSensor : 68, temperatureSensor : 32.1, severityLevel : 10.87}"}
{"timestamp":"2018-09-29 19:59:22.093 +0900","level":"info","message":"updateAllSensor : { name : EXIT1, flameSensor : 353, smokeSensor : 67, temperatureSensor : 32.1, severityLevel : 10.59}"}
{"timestamp":"2018-09-29 19:59:27.301 +0900","level":"info","message":"updateAllSensor : { name : EXIT1, flameSensor : 1023, smokeSensor : 67, temperatureSensor : 32.2, severityLevel : 3.9}"}
{"timestamp":"2018-09-29 19:59:32.306 +0900","level":"info","message":"updateAllSensor : { name : EXIT1, flameSensor : 1023, smokeSensor : 67, temperatureSensor : 32.2, severityLevel : 3.9}"}
{"timestamp":"2018-09-29 20:10:27.652 +0900","level":"info","message":"updateAllSensor : { name : EXIT1, flameSensor : 1023, smokeSensor : 65, temperatureSensor : 32.2, severityLevel : 3.88}"}
{"timestamp":"2018-09-29 20:10:32.556 +0900","level":"info","message":"updateAllSensor : { name : EXIT1, flameSensor : 1023, smokeSensor : 67, temperatureSensor : 32.1, severityLevel : 3.89}"}
{"timestamp":"2018-09-29 20:10:37.395 +0900","level":"info","message":"updateAllSensor : { name : EXIT1, flameSensor : 0, smokeSensor : 74, temperatureSensor : 32.1, severityLevel : 14.19}"}
{"timestamp":"2018-09-29 20:10:42.386 +0900","level":"info","message":"updateAllSensor : { name : EXIT1, flameSensor : 0, smokeSensor : 73, temperatureSensor : 32.1, severityLevel : 14.18}"}
{"timestamp":"2018-09-29 20:10:47.502 +0900","level":"info","message":"updateAllSensor : { name : EXIT1, flameSensor : 323, smokeSensor : 73, temperatureSensor : 32.1, severityLevel : 10.95}"}
{"timestamp":"2018-09-29 20:10:52.565 +0900","level":"info","message":"updateAllSensor : { name : EXIT1, flameSensor : 285, smokeSensor : 70, temperatureSensor : 32.1, severityLevel : 11.3}"}
{"timestamp":"2018-09-29 20:10:58.422 +0900","level":"info","message":"updateAllSensor : { name : EXIT1, flameSensor : 201, smokeSensor : 69, temperatureSensor : 32.1, severityLevel : 12.13}"}
{"timestamp":"2018-09-29 20:11:02.661 +0900","level":"info","message":"updateAllSensor : { name : EXIT1, flameSensor : 1023, smokeSensor : 67, temperatureSensor : 32.1, severityLevel : 3.89}"}
{"timestamp":"2018-09-29 20:13:44.116 +0900","level":"info","message":"updateAllSensor : { name : EXIT1, flameSensor : 1023, smokeSensor : 68, temperatureSensor : 32.1, severityLevel : 3.9}"}
{"timestamp":"2018-09-29 20:13:48.556 +0900","level":"info","message":"updateAllSensor : { name : EXIT1, flameSensor : 1023, smokeSensor : 67, temperatureSensor : 32.2, severityLevel : 3.9}"}
{"timestamp":"2018-09-29 20:13:53.471 +0900","level":"info","message":"updateAllSensor : { name : EXIT1, flameSensor : 40, smokeSensor : 67, temperatureSensor : 32.2, severityLevel : 13.73}"}
{"timestamp":"2018-09-29 20:13:58.594 +0900","level":"info","message":"updateAllSensor : { name : EXIT1, flameSensor : 0, smokeSensor : 67, temperatureSensor : 32.2, severityLevel : 14.13}"}
{"timestamp":"2018-09-29 20:14:03.648 +0900","level":"info","message":"updateAllSensor : { name : EXIT1, flameSensor : 970, smokeSensor : 67, temperatureSensor : 32.2, severityLevel : 4.43}"}
{"timestamp":"2018-09-29 20:15:48.985 +0900","level":"info","message":"updateAllSensor : { name : EXIT1, flameSensor : 1019, smokeSensor : 73, temperatureSensor : 32.2, severityLevel : 4}"}
{"timestamp":"2018-09-29 20:15:53.710 +0900","level":"info","message":"updateAllSensor : { name : EXIT1, flameSensor : 373, smokeSensor : 72, temperatureSensor : 32.2, severityLevel : 10.45}"}
{"timestamp":"2018-09-29 20:15:58.811 +0900","level":"info","message":"updateAllSensor : { name : EXIT1, flameSensor : 0, smokeSensor : 72, temperatureSensor : 32.2, severityLevel : 14.18}"}
{"timestamp":"2018-09-29 20:16:03.711 +0900","level":"info","message":"updateAllSensor : { name : EXIT1, flameSensor : 0, smokeSensor : 71, temperatureSensor : 32.2, severityLevel : 14.17}"}
{"timestamp":"2018-09-29 20:16:08.676 +0900","level":"info","message":"updateAllSensor : { name : EXIT1, flameSensor : 1023, smokeSensor : 72, temperatureSensor : 32.2, severityLevel : 3.95}"}
{"timestamp":"2018-09-29 20:16:58.779 +0900","level":"info","message":"updateAllSensor : { name : EXIT1, flameSensor : 0, smokeSensor : 73, temperatureSensor : 32.2, severityLevel : 14.19}"}
{"timestamp":"2018-09-29 20:17:03.980 +0900","level":"info","message":"updateAllSensor : { name : EXIT1, flameSensor : 0, smokeSensor : 72, temperatureSensor : 32.2, severityLevel : 14.18}"}
{"timestamp":"2018-09-29 20:17:08.852 +0900","level":"info","message":"updateAllSensor : { name : EXIT1, flameSensor : 1023, smokeSensor : 72, temperatureSensor : 32.2, severityLevel : 3.95}"}
{"timestamp":"2018-09-29 20:17:13.680 +0900","level":"info","message":"updateAllSensor : { name : EXIT1, flameSensor : 1023, smokeSensor : 71, temperatureSensor : 32.2, severityLevel : 3.94}"}
{"timestamp":"2018-09-29 20:17:18.990 +0900","level":"info","message":"updateAllSensor : { name : EXIT1, flameSensor : 1023, smokeSensor : 72, temperatureSensor : 32.2, severityLevel : 3.95}"}
{"timestamp":"2018-09-29 20:17:24.255 +0900","level":"info","message":"updateAllSensor : { name : EXIT1, flameSensor : 1023, smokeSensor : 73, temperatureSensor : 32.2, severityLevel : 3.96}"}
{"timestamp":"2018-09-29 20:19:31.665 +0900","level":"info","message":"updateAllSensor : { name : EXIT1, flameSensor : 1023, smokeSensor : 71, temperatureSensor : 32.3, severityLevel : 3.95}"}
{"timestamp":"2018-09-29 20:19:40.038 +0900","level":"info","message":"updateAllSensor : { name : EXIT1, flameSensor : 0, smokeSensor : 70, temperatureSensor : 32.1, severityLevel : 14.15}"}
{"timestamp":"2018-09-29 20:19:49.784 +0900","level":"info","message":"updateAllSensor : { name : EXIT1, flameSensor : 0, smokeSensor : 70, temperatureSensor : 32, severityLevel : 14.14}"}
{"timestamp":"2018-09-29 20:19:50.139 +0900","level":"info","message":"updateAllSensor : { name : EXIT1, flameSensor : 0, smokeSensor : 70, temperatureSensor : 32, severityLevel : 14.14}"}
{"timestamp":"2018-09-29 20:19:50.749 +0900","level":"info","message":"updateAllSensor : { name : EXIT1, flameSensor : 0, smokeSensor : 70, temperatureSensor : 32, severityLevel : 14.14}"}
{"timestamp":"2018-09-29 20:19:54.054 +0900","level":"info","message":"updateAllSensor : { name : EXIT1, flameSensor : 1023, smokeSensor : 67, temperatureSensor : 31.9, severityLevel : 3.87}"}
{"timestamp":"2018-09-29 20:23:36.080 +0900","level":"info","message":"updateAllSensor : { name : EXIT1, flameSensor : 1023, smokeSensor : 70, temperatureSensor : 31.8, severityLevel : 3.89}"}
{"timestamp":"2018-09-29 20:23:40.850 +0900","level":"info","message":"updateAllSensor : { name : EXIT1, flameSensor : 1023, smokeSensor : 70, temperatureSensor : 31.1, severityLevel : 3.82}"}
{"timestamp":"2018-09-29 20:24:44.446 +0900","level":"info","message":"updateAllSensor : { name : EXIT1, flameSensor : 1023, smokeSensor : 69, temperatureSensor : 31.1, severityLevel : 3.81}"}
{"timestamp":"2018-09-29 20:24:49.052 +0900","level":"info","message":"updateAllSensor : { name : EXIT1, flameSensor : 1023, smokeSensor : 70, temperatureSensor : 31.7, severityLevel : 3.88}"}
{"timestamp":"2018-09-29 20:24:53.885 +0900","level":"info","message":"updateAllSensor : { name : EXIT1, flameSensor : 1023, smokeSensor : 71, temperatureSensor : 31.7, severityLevel : 3.89}"}
{"timestamp":"2018-09-29 20:26:42.058 +0900","level":"info","message":"updateAllSensor : { name : EXIT1, flameSensor : 1023, smokeSensor : 88, temperatureSensor : 31.7, severityLevel : 4.06}"}
{"timestamp":"2018-09-29 20:26:47.896 +0900","level":"info","message":"updateAllSensor : { name : EXIT1, flameSensor : 1023, smokeSensor : 88, temperatureSensor : 32, severityLevel : 4.09}"}
{"timestamp":"2018-09-29 20:26:51.086 +0900","level":"info","message":"updateAllSensor : { name : EXIT1, flameSensor : 1023, smokeSensor : 88, temperatureSensor : 32.1, severityLevel : 4.1}"}
{"timestamp":"2018-09-29 20:26:56.891 +0900","level":"info","message":"updateAllSensor : { name : EXIT1, flameSensor : 0, smokeSensor : 86, temperatureSensor : 32.1, severityLevel : 14.31}"}
{"timestamp":"2018-09-29 20:27:08.563 +0900","level":"info","message":"updateAllSensor : { name : EXIT1, flameSensor : 1023, smokeSensor : 84, temperatureSensor : 32.1, severityLevel : 4.06}"}
{"timestamp":"2018-09-29 20:27:08.933 +0900","level":"info","message":"updateAllSensor : { name : EXIT1, flameSensor : 1023, smokeSensor : 84, temperatureSensor : 32.1, severityLevel : 4.06}"}
{"timestamp":"2018-09-29 20:27:09.251 +0900","level":"info","message":"updateAllSensor : { name : EXIT1, flameSensor : 1023, smokeSensor : 84, temperatureSensor : 32.1, severityLevel : 4.06}"}
{"timestamp":"2018-09-29 20:27:09.763 +0900","level":"info","message":"updateAllSensor : { name : EXIT1, flameSensor : 1023, smokeSensor : 84, temperatureSensor : 32.1, severityLevel : 4.06}"}
{"timestamp":"2018-09-29 20:29:47.086 +0900","level":"info","message":"updateAllSensor : { name : EXIT1, flameSensor : 1023, smokeSensor : 82, temperatureSensor : 32.1, severityLevel : 4.04}"}
{"timestamp":"2018-09-29 20:29:52.308 +0900","level":"info","message":"updateAllSensor : { name : EXIT1, flameSensor : 1023, smokeSensor : 83, temperatureSensor : 32.1, severityLevel : 4.05}"}
{"timestamp":"2018-09-29 20:29:57.492 +0900","level":"info","message":"updateAllSensor : { name : EXIT1, flameSensor : 1023, smokeSensor : 84, temperatureSensor : 32.1, severityLevel : 4.06}"}
{"timestamp":"2018-09-29 20:32:03.665 +0900","level":"info","message":"updateAllSensor : { name : EXIT1, flameSensor : 1023, smokeSensor : 82, temperatureSensor : 32.1, severityLevel : 4.04}"}
{"timestamp":"2018-09-29 20:32:09.014 +0900","level":"info","message":"updateAllSensor : { name : EXIT1, flameSensor : 1023, smokeSensor : 82, temperatureSensor : 32.3, severityLevel : 4.06}"}
{"timestamp":"2018-09-29 20:32:13.624 +0900","level":"info","message":"updateAllSensor : { name : EXIT1, flameSensor : 1023, smokeSensor : 84, temperatureSensor : 32.3, severityLevel : 4.08}"}
{"timestamp":"2018-09-29 20:33:54.043 +0900","level":"info","message":"updateAllSensor : { name : EXIT1, flameSensor : 1023, smokeSensor : 86, temperatureSensor : 32.3, severityLevel : 4.1}"}
{"timestamp":"2018-09-29 20:33:58.992 +0900","level":"info","message":"updateAllSensor : { name : EXIT1, flameSensor : 1023, smokeSensor : 86, temperatureSensor : 32.6, severityLevel : 4.13}"}
{"timestamp":"2018-09-29 20:34:04.003 +0900","level":"info","message":"updateAllSensor : { name : EXIT1, flameSensor : 0, smokeSensor : 86, temperatureSensor : 32.6, severityLevel : 14.36}"}
{"timestamp":"2018-09-29 20:35:52.736 +0900","level":"info","message":"updateAllSensor : { name : EXIT1, flameSensor : 1023, smokeSensor : 83, temperatureSensor : 32.6, severityLevel : 4.1}"}
{"timestamp":"2018-09-29 20:35:53.230 +0900","level":"info","message":"updateAllSensor : { name : EXIT1, flameSensor : 1023, smokeSensor : 83, temperatureSensor : 32.6, severityLevel : 4.1}"}
{"timestamp":"2018-09-29 20:35:53.889 +0900","level":"info","message":"updateAllSensor : { name : EXIT1, flameSensor : 1023, smokeSensor : 83, temperatureSensor : 32.6, severityLevel : 4.1}"}
{"timestamp":"2018-09-29 20:35:54.472 +0900","level":"info","message":"updateAllSensor : { name : EXIT1, flameSensor : 1023, smokeSensor : 83, temperatureSensor : 32.6, severityLevel : 4.1}"}
{"timestamp":"2018-09-29 20:35:55.118 +0900","level":"info","message":"updateAllSensor : { name : EXIT1, flameSensor : 1023, smokeSensor : 83, temperatureSensor : 32.6, severityLevel : 4.1}"}
{"timestamp":"2018-09-29 20:39:43.498 +0900","level":"info","message":"updateAllSensor : { name : EXIT1, flameSensor : 1023, smokeSensor : 83, temperatureSensor : 32.6, severityLevel : 4.1}"}
{"timestamp":"2018-09-29 20:39:48.420 +0900","level":"info","message":"updateAllSensor : { name : EXIT1, flameSensor : 1023, smokeSensor : 82, temperatureSensor : 32.3, severityLevel : 4.06}"}
{"timestamp":"2018-09-29 20:39:53.738 +0900","level":"info","message":"updateAllSensor : { name : EXIT1, flameSensor : 0, smokeSensor : 82, temperatureSensor : 32.3, severityLevel : 14.29}"}
{"timestamp":"2018-09-29 20:53:49.705 +0900","level":"info","message":"updateAllSensor : { name : EXIT1, flameSensor : 1023, smokeSensor : 80, temperatureSensor : 32.2, severityLevel : 4.03}"}
{"timestamp":"2018-09-29 20:53:54.870 +0900","level":"info","message":"updateAllSensor : { name : EXIT1, flameSensor : 1023, smokeSensor : 80, temperatureSensor : 30.1, severityLevel : 3.82}"}
{"timestamp":"2018-09-29 20:53:59.851 +0900","level":"info","message":"updateAllSensor : { name : EXIT1, flameSensor : 1023, smokeSensor : 79, temperatureSensor : 30, severityLevel : 3.8}"}
{"timestamp":"2018-09-29 20:54:05.321 +0900","level":"info","message":"updateAllSensor : { name : EXIT1, flameSensor : 1023, smokeSensor : 80, temperatureSensor : 30, severityLevel : 3.81}"}
{"timestamp":"2018-09-29 20:54:10.134 +0900","level":"info","message":"updateAllSensor : { name : EXIT1, flameSensor : 1023, smokeSensor : 80, temperatureSensor : 30, severityLevel : 3.81}"}
{"timestamp":"2018-09-29 20:54:14.583 +0900","level":"info","message":"updateAllSensor : { name : EXIT1, flameSensor : 1023, smokeSensor : 80, temperatureSensor : 30, severityLevel : 3.81}"}
{"timestamp":"2018-09-29 20:54:20.057 +0900","level":"info","message":"updateAllSensor : { name : EXIT1, flameSensor : 1023, smokeSensor : 80, temperatureSensor : 30, severityLevel : 3.81}"}
{"timestamp":"2018-09-29 20:54:24.716 +0900","level":"info","message":"updateAllSensor : { name : EXIT1, flameSensor : 1023, smokeSensor : 80, temperatureSensor : 30, severityLevel : 3.81}"}
{"timestamp":"2018-09-29 20:54:29.603 +0900","level":"info","message":"updateAllSensor : { name : EXIT1, flameSensor : 1023, smokeSensor : 80, temperatureSensor : 30, severityLevel : 3.81}"}
{"timestamp":"2018-09-29 20:54:34.807 +0900","level":"info","message":"updateAllSensor : { name : EXIT1, flameSensor : 1023, smokeSensor : 80, temperatureSensor : 30, severityLevel : 3.81}"}
{"timestamp":"2018-09-29 20:54:40.026 +0900","level":"info","message":"updateAllSensor : { name : EXIT1, flameSensor : 1023, smokeSensor : 80, temperatureSensor : 30, severityLevel : 3.81}"}
{"timestamp":"2018-09-29 20:56:02.685 +0900","level":"info","message":"updateAllSensor : { name : EXIT1, flameSensor : 1023, smokeSensor : 80, temperatureSensor : 29.9, severityLevel : 3.8}"}
{"timestamp":"2018-09-29 20:56:08.252 +0900","level":"info","message":"updateAllSensor : { name : EXIT1, flameSensor : 1023, smokeSensor : 80, temperatureSensor : 29.9, severityLevel : 3.8}"}
{"timestamp":"2018-09-29 20:56:12.852 +0900","level":"info","message":"updateAllSensor : { name : EXIT1, flameSensor : 1023, smokeSensor : 80, temperatureSensor : 29.9, severityLevel : 3.8}"}
{"timestamp":"2018-09-29 21:04:02.971 +0900","level":"info","message":"updateAllSensor : { name : EXIT1, flameSensor : 1023, smokeSensor : 85, temperatureSensor : 29.9, severityLevel : 3.85}"}
{"timestamp":"2018-09-29 21:04:07.793 +0900","level":"info","message":"updateAllSensor : { name : EXIT1, flameSensor : 1023, smokeSensor : 84, temperatureSensor : 29.5, severityLevel : 3.8}"}
{"timestamp":"2018-09-29 21:04:13.094 +0900","level":"info","message":"updateAllSensor : { name : EXIT1, flameSensor : 810, smokeSensor : 84, temperatureSensor : 29.5, severityLevel : 5.93}"}
{"timestamp":"2018-09-29 21:09:07.115 +0900","level":"info","message":"updateAllSensor : { name : EXIT1, flameSensor : 1023, smokeSensor : 83, temperatureSensor : 29.5, severityLevel : 3.79}"}
{"timestamp":"2018-09-29 21:09:11.903 +0900","level":"info","message":"updateAllSensor : { name : EXIT1, flameSensor : 1023, smokeSensor : 84, temperatureSensor : 29.4, severityLevel : 3.79}"}
{"timestamp":"2018-09-29 21:09:16.894 +0900","level":"info","message":"updateAllSensor : { name : EXIT1, flameSensor : 1023, smokeSensor : 84, temperatureSensor : 29.3, severityLevel : 3.78}"}
{"timestamp":"2018-09-29 21:10:59.549 +0900","level":"info","message":"updateAllSensor : { name : EXIT1, flameSensor : 1023, smokeSensor : 84, temperatureSensor : 29.3, severityLevel : 3.78}"}
{"timestamp":"2018-09-29 21:11:04.565 +0900","level":"info","message":"updateAllSensor : { name : EXIT1, flameSensor : 1023, smokeSensor : 82, temperatureSensor : 29.4, severityLevel : 3.77}"}
{"timestamp":"2018-09-29 21:11:09.670 +0900","level":"info","message":"updateAllSensor : { name : EXIT1, flameSensor : 0, smokeSensor : 82, temperatureSensor : 29.4, severityLevel : 14}"}
{"timestamp":"2018-09-29 21:13:59.437 +0900","level":"info","message":"updateAllSensor : { name : EXIT1, flameSensor : 1023, smokeSensor : 82, temperatureSensor : 29.5, severityLevel : 3.78}"}
{"timestamp":"2018-09-29 21:15:35.413 +0900","level":"info","message":"updateAllSensor : { name : EXIT1, flameSensor : 1023, smokeSensor : 82, temperatureSensor : 29.3, severityLevel : 3.76}"}
{"timestamp":"2018-09-29 21:15:40.384 +0900","level":"info","message":"updateAllSensor : { name : EXIT1, flameSensor : 1023, smokeSensor : 82, temperatureSensor : 29.2, severityLevel : 3.75}"}
{"timestamp":"2018-09-29 21:15:45.251 +0900","level":"info","message":"updateAllSensor : { name : EXIT1, flameSensor : 1023, smokeSensor : 82, temperatureSensor : 29.2, severityLevel : 3.75}"}
{"timestamp":"2018-09-29 21:16:16.579 +0900","level":"info","message":"updateAllSensor : { name : EXIT1, flameSensor : 1023, smokeSensor : 82, temperatureSensor : 29.2, severityLevel : 3.75}"}
{"timestamp":"2018-09-29 21:16:21.498 +0900","level":"info","message":"updateAllSensor : { name : EXIT1, flameSensor : 1023, smokeSensor : 82, temperatureSensor : 29.2, severityLevel : 3.75}"}
{"timestamp":"2018-09-29 21:16:26.723 +0900","level":"info","message":"updateAllSensor : { name : EXIT1, flameSensor : 1023, smokeSensor : 83, temperatureSensor : 29.2, severityLevel : 3.76}"}
{"timestamp":"2018-09-29 21:20:32.155 +0900","level":"info","message":"updateAllSensor : { name : EXIT1, flameSensor : 1023, smokeSensor : 84, temperatureSensor : 29.2, severityLevel : 3.77}"}
{"timestamp":"2018-09-29 21:20:37.439 +0900","level":"info","message":"updateAllSensor : { name : EXIT1, flameSensor : 1023, smokeSensor : 84, temperatureSensor : 28.8, severityLevel : 3.73}"}
{"timestamp":"2018-09-29 21:20:42.307 +0900","level":"info","message":"updateAllSensor : { name : EXIT1, flameSensor : 1023, smokeSensor : 84, temperatureSensor : 28.8, severityLevel : 3.73}"}
{"timestamp":"2018-09-29 21:20:47.572 +0900","level":"info","message":"updateAllSensor : { name : EXIT1, flameSensor : 1023, smokeSensor : 84, temperatureSensor : 28.8, severityLevel : 3.73}"}
{"timestamp":"2018-09-29 21:20:52.148 +0900","level":"info","message":"updateAllSensor : { name : EXIT1, flameSensor : 1023, smokeSensor : 84, temperatureSensor : 28.8, severityLevel : 3.73}"}
{"timestamp":"2018-09-29 21:20:57.049 +0900","level":"info","message":"updateAllSensor : { name : EXIT1, flameSensor : 1023, smokeSensor : 84, temperatureSensor : 28.8, severityLevel : 3.73}"}
{"timestamp":"2018-09-29 21:21:02.539 +0900","level":"info","message":"updateAllSensor : { name : EXIT1, flameSensor : 1023, smokeSensor : 84, temperatureSensor : 28.8, severityLevel : 3.73}"}
{"timestamp":"2018-09-29 21:21:06.991 +0900","level":"info","message":"updateAllSensor : { name : EXIT1, flameSensor : 1023, smokeSensor : 84, temperatureSensor : 28.8, severityLevel : 3.73}"}
{"timestamp":"2018-09-29 21:21:12.373 +0900","level":"info","message":"updateAllSensor : { name : EXIT1, flameSensor : 1023, smokeSensor : 84, temperatureSensor : 28.8, severityLevel : 3.73}"}
{"timestamp":"2018-09-29 21:21:17.028 +0900","level":"info","message":"updateAllSensor : { name : EXIT1, flameSensor : 1023, smokeSensor : 84, temperatureSensor : 28.8, severityLevel : 3.73}"}
{"timestamp":"2018-09-29 21:21:22.202 +0900","level":"info","message":"updateAllSensor : { name : EXIT1, flameSensor : 1023, smokeSensor : 84, temperatureSensor : 28.8, severityLevel : 3.73}"}
{"timestamp":"2018-09-29 21:21:27.112 +0900","level":"info","message":"updateAllSensor : { name : EXIT1, flameSensor : 1023, smokeSensor : 84, temperatureSensor : 28.7, severityLevel : 3.72}"}
{"timestamp":"2018-09-29 21:21:32.033 +0900","level":"info","message":"updateAllSensor : { name : EXIT1, flameSensor : 1023, smokeSensor : 84, temperatureSensor : 28.7, severityLevel : 3.72}"}
{"timestamp":"2018-09-29 21:21:36.990 +0900","level":"info","message":"updateAllSensor : { name : EXIT1, flameSensor : 1023, smokeSensor : 84, temperatureSensor : 28.7, severityLevel : 3.72}"}
{"timestamp":"2018-09-29 21:21:42.270 +0900","level":"info","message":"updateAllSensor : { name : EXIT1, flameSensor : 1023, smokeSensor : 83, temperatureSensor : 28.7, severityLevel : 3.71}"}
{"timestamp":"2018-09-29 21:21:51.540 +0900","level":"info","message":"updateAllSensor : { name : EXIT1, flameSensor : 1023, smokeSensor : 84, temperatureSensor : 28.7, severityLevel : 3.72}"}
{"timestamp":"2018-09-29 21:21:55.743 +0900","level":"info","message":"updateAllSensor : { name : EXIT1, flameSensor : 176, smokeSensor : 83, temperatureSensor : 28.7, severityLevel : 12.18}"}
{"timestamp":"2018-09-29 21:22:00.698 +0900","level":"info","message":"updateAllSensor : { name : EXIT1, flameSensor : 1023, smokeSensor : 84, temperatureSensor : 28.7, severityLevel : 3.72}"}
{"timestamp":"2018-09-29 21:22:05.769 +0900","level":"info","message":"updateAllSensor : { name : EXIT1, flameSensor : 0, smokeSensor : 83, temperatureSensor : 28.7, severityLevel : 13.94}"}
{"timestamp":"2018-09-29 21:29:55.160 +0900","level":"info","message":"updateAllSensor : { name : EXIT1, flameSensor : 1023, smokeSensor : 74, temperatureSensor : 29.1, severityLevel : 3.66}"}
{"timestamp":"2018-09-29 21:30:01.567 +0900","level":"info","message":"updateAllSensor : { name : EXIT1, flameSensor : 1023, smokeSensor : 73, temperatureSensor : 28.6, severityLevel : 3.6}"}
{"timestamp":"2018-09-29 21:30:05.592 +0900","level":"info","message":"updateAllSensor : { name : EXIT1, flameSensor : 1023, smokeSensor : 73, temperatureSensor : 28.6, severityLevel : 3.6}"}
{"timestamp":"2018-09-29 21:30:09.429 +0900","level":"info","message":"updateAllSensor : { name : EXIT1, flameSensor : 1023, smokeSensor : 73, temperatureSensor : 28.6, severityLevel : 3.6}"}
{"timestamp":"2018-09-29 21:30:14.554 +0900","level":"info","message":"updateAllSensor : { name : EXIT1, flameSensor : 1023, smokeSensor : 73, temperatureSensor : 28.6, severityLevel : 3.6}"}
{"timestamp":"2018-09-29 21:30:19.388 +0900","level":"info","message":"updateAllSensor : { name : EXIT1, flameSensor : 1023, smokeSensor : 73, temperatureSensor : 28.6, severityLevel : 3.6}"}
{"timestamp":"2018-09-29 21:30:24.691 +0900","level":"info","message":"updateAllSensor : { name : EXIT1, flameSensor : 1023, smokeSensor : 73, temperatureSensor : 28.6, severityLevel : 3.6}"}
{"timestamp":"2018-09-29 21:30:29.344 +0900","level":"info","message":"updateAllSensor : { name : EXIT1, flameSensor : 1023, smokeSensor : 74, temperatureSensor : 28.6, severityLevel : 3.61}"}
{"timestamp":"2018-09-29 21:31:20.321 +0900","level":"info","message":"updateAllSensor : { name : EXIT1, flameSensor : 1023, smokeSensor : 78, temperatureSensor : 28.7, severityLevel : 3.66}"}
{"timestamp":"2018-09-29 21:31:26.444 +0900","level":"info","message":"updateAllSensor : { name : EXIT1, flameSensor : 1023, smokeSensor : 78, temperatureSensor : 28.7, severityLevel : 3.66}"}
{"timestamp":"2018-09-29 21:31:31.290 +0900","level":"info","message":"updateAllSensor : { name : EXIT1, flameSensor : 1023, smokeSensor : 77, temperatureSensor : 28.7, severityLevel : 3.65}"}
{"timestamp":"2018-09-29 21:31:36.536 +0900","level":"info","message":"updateAllSensor : { name : EXIT1, flameSensor : 1023, smokeSensor : 76, temperatureSensor : 28.7, severityLevel : 3.64}"}
{"timestamp":"2018-09-29 21:31:41.300 +0900","level":"info","message":"updateAllSensor : { name : EXIT1, flameSensor : 0, smokeSensor : 75, temperatureSensor : 28.7, severityLevel : 13.86}"}
{"timestamp":"2018-09-29 21:31:46.414 +0900","level":"info","message":"updateAllSensor : { name : EXIT1, flameSensor : 131, smokeSensor : 76, temperatureSensor : 28.7, severityLevel : 12.56}"}
{"timestamp":"2018-09-29 21:31:51.232 +0900","level":"info","message":"updateAllSensor : { name : EXIT1, flameSensor : 1007, smokeSensor : 77, temperatureSensor : 28.7, severityLevel : 3.81}"}
{"timestamp":"2018-09-29 21:31:56.231 +0900","level":"info","message":"updateAllSensor : { name : EXIT1, flameSensor : 1023, smokeSensor : 74, temperatureSensor : 28.7, severityLevel : 3.62}"}
{"timestamp":"2018-09-29 21:32:01.455 +0900","level":"info","message":"updateAllSensor : { name : EXIT1, flameSensor : 1023, smokeSensor : 73, temperatureSensor : 28.7, severityLevel : 3.61}"}
{"timestamp":"2018-09-29 21:32:06.369 +0900","level":"info","message":"updateAllSensor : { name : EXIT1, flameSensor : 1023, smokeSensor : 74, temperatureSensor : 28.7, severityLevel : 3.62}"}
{"timestamp":"2018-09-29 21:35:20.869 +0900","level":"info","message":"updateAllSensor : { name : EXIT1, flameSensor : 1023, smokeSensor : 74, temperatureSensor : 28.7, severityLevel : 3.62}"}
{"timestamp":"2018-09-29 21:35:23.261 +0900","level":"info","message":"updateAllSensor : { name : EXIT1, flameSensor : 1023, smokeSensor : 74, temperatureSensor : 28.7, severityLevel : 3.62}"}
{"timestamp":"2018-09-29 21:35:28.176 +0900","level":"info","message":"updateAllSensor : { name : EXIT1, flameSensor : 1023, smokeSensor : 74, temperatureSensor : 28.7, severityLevel : 3.62}"}
{"timestamp":"2018-09-29 21:35:33.715 +0900","level":"info","message":"updateAllSensor : { name : EXIT1, flameSensor : 1023, smokeSensor : 75, temperatureSensor : 28.7, severityLevel : 3.63}"}
{"timestamp":"2018-09-29 21:35:38.091 +0900","level":"info","message":"updateAllSensor : { name : EXIT1, flameSensor : 1023, smokeSensor : 70, temperatureSensor : 28.7, severityLevel : 3.58}"}
{"timestamp":"2018-09-29 21:35:43.232 +0900","level":"info","message":"updateAllSensor : { name : EXIT1, flameSensor : 1023, smokeSensor : 70, temperatureSensor : 28.7, severityLevel : 3.58}"}
{"timestamp":"2018-09-29 21:35:48.144 +0900","level":"info","message":"updateAllSensor : { name : EXIT1, flameSensor : 1023, smokeSensor : 70, temperatureSensor : 28.7, severityLevel : 3.58}"}
{"timestamp":"2018-09-29 21:35:53.268 +0900","level":"info","message":"updateAllSensor : { name : EXIT1, flameSensor : 1023, smokeSensor : 70, temperatureSensor : 28.8, severityLevel : 3.59}"}
{"timestamp":"2018-09-29 21:36:44.056 +0900","level":"info","message":"updateAllSensor : { name : EXIT1, flameSensor : 1023, smokeSensor : 71, temperatureSensor : 28.8, severityLevel : 3.6}"}
{"timestamp":"2018-09-29 21:36:49.123 +0900","level":"info","message":"updateAllSensor : { name : EXIT1, flameSensor : 1023, smokeSensor : 73, temperatureSensor : 28.8, severityLevel : 3.62}"}
{"timestamp":"2018-09-29 21:36:53.892 +0900","level":"info","message":"updateAllSensor : { name : EXIT1, flameSensor : 1023, smokeSensor : 75, temperatureSensor : 28.8, severityLevel : 3.64}"}
{"timestamp":"2018-09-29 21:36:59.109 +0900","level":"info","message":"updateAllSensor : { name : EXIT1, flameSensor : 1023, smokeSensor : 74, temperatureSensor : 28.8, severityLevel : 3.63}"}
{"timestamp":"2018-09-29 21:37:03.852 +0900","level":"info","message":"updateAllSensor : { name : EXIT1, flameSensor : 1023, smokeSensor : 74, temperatureSensor : 28.9, severityLevel : 3.64}"}
{"timestamp":"2018-09-29 21:37:08.954 +0900","level":"info","message":"updateAllSensor : { name : EXIT1, flameSensor : 1023, smokeSensor : 74, temperatureSensor : 28.9, severityLevel : 3.64}"}
{"timestamp":"2018-09-29 21:37:14.192 +0900","level":"info","message":"updateAllSensor : { name : EXIT1, flameSensor : 1023, smokeSensor : 71, temperatureSensor : 29, severityLevel : 3.62}"}
{"timestamp":"2018-09-29 21:37:18.835 +0900","level":"info","message":"updateAllSensor : { name : EXIT1, flameSensor : 1023, smokeSensor : 70, temperatureSensor : 29.1, severityLevel : 3.62}"}
{"timestamp":"2018-09-29 21:37:24.303 +0900","level":"info","message":"updateAllSensor : { name : EXIT1, flameSensor : 1023, smokeSensor : 70, temperatureSensor : 29.2, severityLevel : 3.63}"}
{"timestamp":"2018-09-29 21:37:28.904 +0900","level":"info","message":"updateAllSensor : { name : EXIT1, flameSensor : 1023, smokeSensor : 69, temperatureSensor : 29.2, severityLevel : 3.62}"}
{"timestamp":"2018-09-29 21:37:33.812 +0900","level":"info","message":"updateAllSensor : { name : EXIT1, flameSensor : 1023, smokeSensor : 70, temperatureSensor : 29.2, severityLevel : 3.63}"}
{"timestamp":"2018-09-29 21:37:39.348 +0900","level":"info","message":"updateAllSensor : { name : EXIT1, flameSensor : 1023, smokeSensor : 69, temperatureSensor : 29.2, severityLevel : 3.62}"}
{"timestamp":"2018-09-29 21:37:43.958 +0900","level":"info","message":"updateAllSensor : { name : EXIT1, flameSensor : 1023, smokeSensor : 69, temperatureSensor : 29.1, severityLevel : 3.61}"}
{"timestamp":"2018-09-29 21:37:48.850 +0900","level":"info","message":"updateAllSensor : { name : EXIT1, flameSensor : 1023, smokeSensor : 69, temperatureSensor : 29.1, severityLevel : 3.61}"}
{"timestamp":"2018-09-29 21:37:54.096 +0900","level":"info","message":"updateAllSensor : { name : EXIT1, flameSensor : 1023, smokeSensor : 69, temperatureSensor : 29, severityLevel : 3.6}"}
{"timestamp":"2018-09-29 21:37:58.863 +0900","level":"info","message":"updateAllSensor : { name : EXIT1, flameSensor : 1023, smokeSensor : 69, temperatureSensor : 29, severityLevel : 3.6}"}
{"timestamp":"2018-09-29 21:45:32.417 +0900","level":"info","message":"updateAllSensor : { name : EXIT1, flameSensor : 1023, smokeSensor : 68, temperatureSensor : 29, severityLevel : 3.59}"}
{"timestamp":"2018-09-29 21:45:37.058 +0900","level":"info","message":"updateAllSensor : { name : EXIT1, flameSensor : 1023, smokeSensor : 68, temperatureSensor : 26.9, severityLevel : 3.38}"}
{"timestamp":"2018-09-29 21:45:42.031 +0900","level":"info","message":"updateAllSensor : { name : EXIT1, flameSensor : 83, smokeSensor : 71, temperatureSensor : 26.8, severityLevel : 12.8}"}
{"timestamp":"2018-09-29 21:46:42.805 +0900","level":"info","message":"updateAllSensor : { name : EXIT1, flameSensor : 1023, smokeSensor : 70, temperatureSensor : 26.8, severityLevel : 3.39}"}
{"timestamp":"2018-09-29 21:46:43.177 +0900","level":"info","message":"updateAllSensor : { name : EXIT1, flameSensor : 1023, smokeSensor : 71, temperatureSensor : 27.1, severityLevel : 3.43}"}
{"timestamp":"2018-09-29 21:46:43.723 +0900","level":"info","message":"updateAllSensor : { name : EXIT1, flameSensor : 1023, smokeSensor : 70, temperatureSensor : 27.1, severityLevel : 3.42}"}
{"timestamp":"2018-09-29 21:47:53.167 +0900","level":"info","message":"updateAllSensor : { name : EXIT1, flameSensor : 1023, smokeSensor : 67, temperatureSensor : 27.1, severityLevel : 3.39}"}
{"timestamp":"2018-09-29 21:47:58.071 +0900","level":"info","message":"updateAllSensor : { name : EXIT1, flameSensor : 1023, smokeSensor : 68, temperatureSensor : 27, severityLevel : 3.39}"}
{"timestamp":"2018-09-29 21:48:03.787 +0900","level":"info","message":"updateAllSensor : { name : EXIT1, flameSensor : 1023, smokeSensor : 68, temperatureSensor : 27, severityLevel : 3.39}"}
{"timestamp":"2018-09-29 21:48:08.584 +0900","level":"info","message":"updateAllSensor : { name : EXIT1, flameSensor : 1023, smokeSensor : 67, temperatureSensor : 27, severityLevel : 3.38}"}
{"timestamp":"2018-09-29 21:48:13.540 +0900","level":"info","message":"updateAllSensor : { name : EXIT1, flameSensor : 1023, smokeSensor : 67, temperatureSensor : 27, severityLevel : 3.38}"}
{"timestamp":"2018-09-29 21:48:18.016 +0900","level":"info","message":"updateAllSensor : { name : EXIT1, flameSensor : 1023, smokeSensor : 67, temperatureSensor : 27, severityLevel : 3.38}"}
{"timestamp":"2018-09-29 21:48:23.044 +0900","level":"info","message":"updateAllSensor : { name : EXIT1, flameSensor : 1023, smokeSensor : 67, temperatureSensor : 27, severityLevel : 3.38}"}
{"timestamp":"2018-09-29 21:48:28.173 +0900","level":"info","message":"updateAllSensor : { name : EXIT1, flameSensor : 1023, smokeSensor : 67, temperatureSensor : 27.1, severityLevel : 3.39}"}
{"timestamp":"2018-09-29 21:48:33.002 +0900","level":"info","message":"updateAllSensor : { name : EXIT1, flameSensor : 1023, smokeSensor : 67, temperatureSensor : 27.1, severityLevel : 3.39}"}
{"timestamp":"2018-09-29 21:49:30.953 +0900","level":"info","message":"updateAllSensor : { name : EXIT1, flameSensor : 1023, smokeSensor : 68, temperatureSensor : 27.1, severityLevel : 3.4}"}
{"timestamp":"2018-09-29 21:49:35.553 +0900","level":"info","message":"updateAllSensor : { name : EXIT1, flameSensor : 1023, smokeSensor : 68, temperatureSensor : 27.2, severityLevel : 3.41}"}
{"timestamp":"2018-09-29 21:49:40.364 +0900","level":"info","message":"updateAllSensor : { name : EXIT1, flameSensor : 1023, smokeSensor : 70, temperatureSensor : 27.2, severityLevel : 3.43}"}
{"timestamp":"2018-09-29 21:53:02.179 +0900","level":"info","message":"updateAllSensor : { name : EXIT1, flameSensor : 1023, smokeSensor : 82, temperatureSensor : 27.2, severityLevel : 3.55}"}
{"timestamp":"2018-09-29 21:53:07.125 +0900","level":"info","message":"updateAllSensor : { name : EXIT1, flameSensor : 1023, smokeSensor : 81, temperatureSensor : 27.8, severityLevel : 3.6}"}
{"timestamp":"2018-09-29 21:53:12.192 +0900","level":"info","message":"updateAllSensor : { name : EXIT1, flameSensor : 381, smokeSensor : 81, temperatureSensor : 27.8, severityLevel : 10.02}"}
{"timestamp":"2018-09-29 22:33:51.801 +0900","level":"info","message":"updateAllSensor : { name : EXIT1, flameSensor : 1023, smokeSensor : 89, temperatureSensor : 27.9, severityLevel : 3.69}"}
{"timestamp":"2018-09-29 22:33:56.791 +0900","level":"info","message":"updateAllSensor : { name : EXIT1, flameSensor : 1023, smokeSensor : 89, temperatureSensor : 27.6, severityLevel : 3.66}"}
{"timestamp":"2018-09-29 22:34:12.719 +0900","level":"info","message":"updateAllSensor : { name : EXIT1, flameSensor : 1023, smokeSensor : 90, temperatureSensor : 27.5, severityLevel : 3.66}"}
{"timestamp":"2018-09-29 22:34:17.687 +0900","level":"info","message":"updateAllSensor : { name : EXIT1, flameSensor : 1023, smokeSensor : 90, temperatureSensor : 27.5, severityLevel : 3.66}"}
{"timestamp":"2018-09-29 22:34:22.778 +0900","level":"info","message":"updateAllSensor : { name : EXIT1, flameSensor : 1023, smokeSensor : 74, temperatureSensor : 27.5, severityLevel : 3.5}"}
{"timestamp":"2018-09-29 22:36:04.075 +0900","level":"info","message":"updateAllSensor : { name : EXIT1, flameSensor : 1023, smokeSensor : 73, temperatureSensor : 27.6, severityLevel : 3.5}"}
{"timestamp":"2018-09-29 22:36:09.091 +0900","level":"info","message":"updateAllSensor : { name : EXIT1, flameSensor : 1023, smokeSensor : 74, temperatureSensor : 27.7, severityLevel : 3.52}"}
{"timestamp":"2018-09-29 22:36:14.049 +0900","level":"info","message":"updateAllSensor : { name : EXIT1, flameSensor : 308, smokeSensor : 68, temperatureSensor : 27.7, severityLevel : 10.61}"}
{"timestamp":"2018-09-29 22:38:13.290 +0900","level":"info","message":"updateAllSensor : { name : EXIT1, flameSensor : 1023, smokeSensor : 65, temperatureSensor : 27.7, severityLevel : 3.43}"}
{"timestamp":"2018-09-29 22:38:17.808 +0900","level":"info","message":"updateAllSensor : { name : EXIT1, flameSensor : 1023, smokeSensor : 65, temperatureSensor : 27.7, severityLevel : 3.43}"}
{"timestamp":"2018-09-29 22:38:22.795 +0900","level":"info","message":"updateAllSensor : { name : EXIT1, flameSensor : 1023, smokeSensor : 65, temperatureSensor : 27.7, severityLevel : 3.43}"}
{"timestamp":"2018-09-29 22:38:28.238 +0900","level":"info","message":"updateAllSensor : { name : EXIT1, flameSensor : 1023, smokeSensor : 65, temperatureSensor : 27.7, severityLevel : 3.43}"}
{"timestamp":"2018-09-29 22:38:33.408 +0900","level":"info","message":"updateAllSensor : { name : EXIT1, flameSensor : 1023, smokeSensor : 66, temperatureSensor : 27.8, severityLevel : 3.45}"}
{"timestamp":"2018-09-29 22:39:01.338 +0900","level":"info","message":"updateAllSensor : { name : EXIT1, flameSensor : 1023, smokeSensor : 66, temperatureSensor : 27.8, severityLevel : 3.45}"}
{"timestamp":"2018-09-29 22:39:06.970 +0900","level":"info","message":"updateAllSensor : { name : EXIT1, flameSensor : 1023, smokeSensor : 66, temperatureSensor : 27.8, severityLevel : 3.45}"}
{"timestamp":"2018-09-29 22:39:11.370 +0900","level":"info","message":"updateAllSensor : { name : EXIT1, flameSensor : 1023, smokeSensor : 66, temperatureSensor : 27.8, severityLevel : 3.45}"}
{"timestamp":"2018-09-29 22:40:14.589 +0900","level":"info","message":"updateAllSensor : { name : EXIT1, flameSensor : 1023, smokeSensor : 66, temperatureSensor : 27.8, severityLevel : 3.45}"}
{"timestamp":"2018-09-29 22:40:19.638 +0900","level":"info","message":"updateAllSensor : { name : EXIT1, flameSensor : 1023, smokeSensor : 66, temperatureSensor : 27.8, severityLevel : 3.45}"}
{"timestamp":"2018-09-29 22:40:24.601 +0900","level":"info","message":"updateAllSensor : { name : EXIT1, flameSensor : 1023, smokeSensor : 67, temperatureSensor : 27.8, severityLevel : 3.46}"}
{"timestamp":"2018-09-29 22:41:06.351 +0900","level":"info","message":"updateAllSensor : { name : EXIT1, flameSensor : 1023, smokeSensor : 65, temperatureSensor : 27.8, severityLevel : 3.44}"}
{"timestamp":"2018-09-29 22:41:11.515 +0900","level":"info","message":"updateAllSensor : { name : EXIT1, flameSensor : 1023, smokeSensor : 64, temperatureSensor : 27.6, severityLevel : 3.41}"}
{"timestamp":"2018-09-29 22:41:16.475 +0900","level":"info","message":"updateAllSensor : { name : EXIT1, flameSensor : 1023, smokeSensor : 911, temperatureSensor : 27.7, severityLevel : 11.89}"}
{"timestamp":"2018-09-29 22:44:23.105 +0900","level":"info","message":"updateAllSensor : { name : EXIT1, flameSensor : 1023, smokeSensor : 79, temperatureSensor : 27.6, severityLevel : 3.56}"}
{"timestamp":"2018-09-29 22:44:33.116 +0900","level":"info","message":"updateAllSensor : { name : EXIT1, flameSensor : 1023, smokeSensor : 79, temperatureSensor : 27, severityLevel : 3.5}"}
{"timestamp":"2018-09-29 22:44:43.153 +0900","level":"info","message":"updateAllSensor : { name : EXIT1, flameSensor : 1023, smokeSensor : 78, temperatureSensor : 26.9, severityLevel : 3.48}"}
{"timestamp":"2018-09-29 22:44:53.066 +0900","level":"info","message":"updateAllSensor : { name : EXIT1, flameSensor : 1023, smokeSensor : 78, temperatureSensor : 26.8, severityLevel : 3.47}"}
{"timestamp":"2018-09-29 22:45:03.081 +0900","level":"info","message":"updateAllSensor : { name : EXIT1, flameSensor : 1023, smokeSensor : 78, temperatureSensor : 26.8, severityLevel : 3.47}"}
{"timestamp":"2018-09-29 22:45:13.113 +0900","level":"info","message":"updateAllSensor : { name : EXIT1, flameSensor : 1023, smokeSensor : 78, temperatureSensor : 26.8, severityLevel : 3.47}"}
{"timestamp":"2018-09-29 22:45:23.096 +0900","level":"info","message":"updateAllSensor : { name : EXIT1, flameSensor : 1023, smokeSensor : 77, temperatureSensor : 26.8, severityLevel : 3.46}"}
{"timestamp":"2018-09-29 22:45:33.129 +0900","level":"info","message":"updateAllSensor : { name : EXIT1, flameSensor : 1023, smokeSensor : 77, temperatureSensor : 26.7, severityLevel : 3.45}"}
{"timestamp":"2018-09-29 22:45:43.143 +0900","level":"info","message":"updateAllSensor : { name : EXIT1, flameSensor : 1023, smokeSensor : 77, temperatureSensor : 26.7, severityLevel : 3.45}"}
{"timestamp":"2018-09-29 22:46:02.708 +0900","level":"info","message":"updateAllSensor : { name : EXIT1, flameSensor : 1023, smokeSensor : 78, temperatureSensor : 26.7, severityLevel : 3.46}"}
{"timestamp":"2018-09-29 22:46:12.784 +0900","level":"info","message":"updateAllSensor : { name : EXIT1, flameSensor : 1023, smokeSensor : 73, temperatureSensor : 26.7, severityLevel : 3.41}"}
{"timestamp":"2018-09-29 22:46:22.721 +0900","level":"info","message":"updateAllSensor : { name : EXIT1, flameSensor : 1023, smokeSensor : 957, temperatureSensor : 26.7, severityLevel : 12.25}"}
{"timestamp":"2018-09-29 22:46:32.747 +0900","level":"info","message":"updateAllSensor : { name : EXIT1, flameSensor : 1023, smokeSensor : 963, temperatureSensor : 26.7, severityLevel : 12.31}"}
{"timestamp":"2018-09-29 22:46:42.839 +0900","level":"info","message":"updateAllSensor : { name : EXIT1, flameSensor : 1023, smokeSensor : 132, temperatureSensor : 26.8, severityLevel : 4.01}"}
{"timestamp":"2018-09-29 22:46:53.282 +0900","level":"info","message":"updateAllSensor : { name : EXIT1, flameSensor : 1023, smokeSensor : 96, temperatureSensor : 26.8, severityLevel : 3.65}"}
{"timestamp":"2018-09-29 22:47:02.706 +0900","level":"info","message":"updateAllSensor : { name : EXIT1, flameSensor : 1023, smokeSensor : 91, temperatureSensor : 26.8, severityLevel : 3.6}"}
{"timestamp":"2018-09-29 22:47:12.706 +0900","level":"info","message":"updateAllSensor : { name : EXIT1, flameSensor : 1023, smokeSensor : 89, temperatureSensor : 26.8, severityLevel : 3.58}"}
{"timestamp":"2018-09-29 22:47:22.957 +0900","level":"info","message":"updateAllSensor : { name : EXIT1, flameSensor : 1023, smokeSensor : 88, temperatureSensor : 26.7, severityLevel : 3.56}"}
{"timestamp":"2018-09-29 22:48:50.899 +0900","level":"info","message":"updateAllSensor : { name : EXIT1, flameSensor : 1023, smokeSensor : 85, temperatureSensor : 26.8, severityLevel : 3.54}"}
{"timestamp":"2018-09-29 22:49:00.878 +0900","level":"info","message":"updateAllSensor : { name : EXIT1, flameSensor : 1023, smokeSensor : 79, temperatureSensor : 26.8, severityLevel : 3.48}"}
{"timestamp":"2018-09-29 22:49:10.896 +0900","level":"info","message":"updateAllSensor : { name : EXIT1, flameSensor : 1023, smokeSensor : 963, temperatureSensor : 26.8, severityLevel : 12.32}"}
{"timestamp":"2018-09-29 22:49:20.936 +0900","level":"info","message":"updateAllSensor : { name : EXIT1, flameSensor : 1023, smokeSensor : 961, temperatureSensor : 26.9, severityLevel : 12.31}"}
{"timestamp":"2018-09-29 22:51:48.438 +0900","level":"info","message":"updateAllSensor : { name : EXIT1, flameSensor : 1023, smokeSensor : 81, temperatureSensor : 26.9, severityLevel : 3.51}"}
{"timestamp":"2018-09-29 22:51:58.363 +0900","level":"info","message":"updateAllSensor : { name : EXIT1, flameSensor : 1023, smokeSensor : 81, temperatureSensor : 27, severityLevel : 3.52}"}
{"timestamp":"2018-09-29 22:52:38.420 +0900","level":"info","message":"updateAllSensor : { name : EXIT1, flameSensor : 1023, smokeSensor : 80, temperatureSensor : 27, severityLevel : 3.51}"}
{"timestamp":"2018-09-29 22:52:48.263 +0900","level":"info","message":"updateAllSensor : { name : EXIT1, flameSensor : 1023, smokeSensor : 957, temperatureSensor : 27, severityLevel : 12.28}"}
{"timestamp":"2018-09-29 22:52:58.366 +0900","level":"info","message":"updateAllSensor : { name : EXIT1, flameSensor : 1023, smokeSensor : 690, temperatureSensor : 27.1, severityLevel : 9.62}"}
{"timestamp":"2018-09-29 22:53:08.426 +0900","level":"info","message":"updateAllSensor : { name : EXIT1, flameSensor : 1023, smokeSensor : 97, temperatureSensor : 27.1, severityLevel : 3.69}"}
{"timestamp":"2018-09-29 22:53:18.357 +0900","level":"info","message":"updateAllSensor : { name : EXIT1, flameSensor : 1023, smokeSensor : 75, temperatureSensor : 27.1, severityLevel : 3.47}"}
{"timestamp":"2018-09-29 22:53:28.264 +0900","level":"info","message":"updateAllSensor : { name : EXIT1, flameSensor : 1023, smokeSensor : 71, temperatureSensor : 27, severityLevel : 3.42}"}
{"timestamp":"2018-09-29 22:54:39.241 +0900","level":"info","message":"updateAllSensor : { name : EXIT1, flameSensor : 1023, smokeSensor : 65, temperatureSensor : 27, severityLevel : 3.36}"}
{"timestamp":"2018-09-29 22:54:49.222 +0900","level":"info","message":"updateAllSensor : { name : EXIT1, flameSensor : 1023, smokeSensor : 967, temperatureSensor : 26.9, severityLevel : 12.37}"}
{"timestamp":"2018-09-29 22:55:00.395 +0900","level":"info","message":"updateAllSensor : { name : EXIT1, flameSensor : 1023, smokeSensor : 976, temperatureSensor : 26.9, severityLevel : 12.46}"}
{"timestamp":"2018-09-29 22:55:09.237 +0900","level":"info","message":"updateAllSensor : { name : EXIT1, flameSensor : 1023, smokeSensor : 336, temperatureSensor : 27, severityLevel : 6.07}"}
{"timestamp":"2018-09-29 22:55:19.213 +0900","level":"info","message":"updateAllSensor : { name : EXIT1, flameSensor : 1023, smokeSensor : 81, temperatureSensor : 27, severityLevel : 3.52}"}
{"timestamp":"2018-09-29 23:50:40.444 +0900","level":"info","message":"updateAllSensor : { name : EXIT1, flameSensor : 1023, smokeSensor : 76, temperatureSensor : 26, severityLevel : 3.37}"}
{"timestamp":"2018-09-29 23:50:50.435 +0900","level":"info","message":"updateAllSensor : { name : EXIT1, flameSensor : 1023, smokeSensor : 74, temperatureSensor : 25.9, severityLevel : 3.34}"}
{"timestamp":"2018-09-29 23:51:00.458 +0900","level":"info","message":"updateAllSensor : { name : EXIT1, flameSensor : 1023, smokeSensor : 77, temperatureSensor : 25.9, severityLevel : 3.37}"}
{"timestamp":"2018-09-29 23:51:10.427 +0900","level":"info","message":"updateAllSensor : { name : EXIT1, flameSensor : 106, smokeSensor : 76, temperatureSensor : 25.9, severityLevel : 12.53}"}
{"timestamp":"2018-09-29 23:51:20.429 +0900","level":"info","message":"updateAllSensor : { name : EXIT1, flameSensor : 1023, smokeSensor : 77, temperatureSensor : 25.9, severityLevel : 3.37}"}
{"timestamp":"2018-09-29 23:51:30.426 +0900","level":"info","message":"updateAllSensor : { name : EXIT1, flameSensor : 1023, smokeSensor : 77, temperatureSensor : 26, severityLevel : 3.38}"}
{"timestamp":"2018-09-29 23:51:40.458 +0900","level":"info","message":"updateAllSensor : { name : EXIT1, flameSensor : 1023, smokeSensor : 81, temperatureSensor : 26, severityLevel : 3.42}"}
{"timestamp":"2018-09-29 23:51:50.419 +0900","level":"info","message":"updateAllSensor : { name : EXIT1, flameSensor : 1023, smokeSensor : 80, temperatureSensor : 26, severityLevel : 3.41}"}
{"timestamp":"2018-09-29 23:52:00.437 +0900","level":"info","message":"updateAllSensor : { name : EXIT1, flameSensor : 1023, smokeSensor : 81, temperatureSensor : 26, severityLevel : 3.42}"}
{"timestamp":"2018-09-29 23:52:10.446 +0900","level":"info","message":"updateAllSensor : { name : EXIT1, flameSensor : 1023, smokeSensor : 80, temperatureSensor : 26, severityLevel : 3.41}"}
{"timestamp":"2018-09-29 23:52:20.449 +0900","level":"info","message":"updateAllSensor : { name : EXIT1, flameSensor : 1023, smokeSensor : 80, temperatureSensor : 26, severityLevel : 3.41}"}
{"timestamp":"2018-09-29 23:52:30.481 +0900","level":"info","message":"updateAllSensor : { name : EXIT1, flameSensor : 1023, smokeSensor : 80, temperatureSensor : 26.1, severityLevel : 3.42}"}
{"timestamp":"2018-09-29 23:52:40.446 +0900","level":"info","message":"updateAllSensor : { name : EXIT1, flameSensor : 1023, smokeSensor : 80, temperatureSensor : 26.1, severityLevel : 3.42}"}
{"timestamp":"2018-09-29 23:52:50.426 +0900","level":"info","message":"updateAllSensor : { name : EXIT1, flameSensor : 1023, smokeSensor : 80, temperatureSensor : 26.1, severityLevel : 3.42}"}
{"timestamp":"2018-09-29 23:53:00.447 +0900","level":"info","message":"updateAllSensor : { name : EXIT1, flameSensor : 1023, smokeSensor : 78, temperatureSensor : 26.1, severityLevel : 3.4}"}
{"timestamp":"2018-09-29 23:53:10.444 +0900","level":"info","message":"updateAllSensor : { name : EXIT1, flameSensor : 1023, smokeSensor : 79, temperatureSensor : 26.1, severityLevel : 3.41}"}
{"timestamp":"2018-09-29 23:53:20.444 +0900","level":"info","message":"updateAllSensor : { name : EXIT1, flameSensor : 1023, smokeSensor : 79, temperatureSensor : 26.2, severityLevel : 3.42}"}
{"timestamp":"2018-09-29 23:53:30.504 +0900","level":"info","message":"updateAllSensor : { name : EXIT1, flameSensor : 1023, smokeSensor : 80, temperatureSensor : 26.2, severityLevel : 3.43}"}
{"timestamp":"2018-09-29 23:53:40.441 +0900","level":"info","message":"updateAllSensor : { name : EXIT1, flameSensor : 1023, smokeSensor : 79, temperatureSensor : 26.2, severityLevel : 3.42}"}
{"timestamp":"2018-09-29 23:53:50.441 +0900","level":"info","message":"updateAllSensor : { name : EXIT1, flameSensor : 1023, smokeSensor : 79, temperatureSensor : 26.2, severityLevel : 3.42}"}
{"timestamp":"2018-09-29 23:54:00.499 +0900","level":"info","message":"updateAllSensor : { name : EXIT1, flameSensor : 1023, smokeSensor : 79, temperatureSensor : 26.2, severityLevel : 3.42}"}
{"timestamp":"2018-09-29 23:54:10.424 +0900","level":"info","message":"updateAllSensor : { name : EXIT1, flameSensor : 1023, smokeSensor : 79, temperatureSensor : 26.2, severityLevel : 3.42}"}
{"timestamp":"2018-09-29 23:54:20.427 +0900","level":"info","message":"updateAllSensor : { name : EXIT1, flameSensor : 1023, smokeSensor : 79, temperatureSensor : 26.2, severityLevel : 3.42}"}
{"timestamp":"2018-09-29 23:54:30.433 +0900","level":"info","message":"updateAllSensor : { name : EXIT1, flameSensor : 1023, smokeSensor : 79, temperatureSensor : 26.3, severityLevel : 3.43}"}
{"timestamp":"2018-09-29 23:54:40.452 +0900","level":"info","message":"updateAllSensor : { name : EXIT1, flameSensor : 1023, smokeSensor : 79, temperatureSensor : 26.2, severityLevel : 3.42}"}
{"timestamp":"2018-09-29 23:54:50.445 +0900","level":"info","message":"updateAllSensor : { name : EXIT1, flameSensor : 1023, smokeSensor : 81, temperatureSensor : 26.3, severityLevel : 3.45}"}
{"timestamp":"2018-09-29 23:55:00.460 +0900","level":"info","message":"updateAllSensor : { name : EXIT1, flameSensor : 1023, smokeSensor : 80, temperatureSensor : 26.3, severityLevel : 3.44}"}
{"timestamp":"2018-09-29 23:55:10.476 +0900","level":"info","message":"updateAllSensor : { name : EXIT1, flameSensor : 1023, smokeSensor : 79, temperatureSensor : 26.3, severityLevel : 3.43}"}
{"timestamp":"2018-09-29 23:55:20.471 +0900","level":"info","message":"updateAllSensor : { name : EXIT1, flameSensor : 1023, smokeSensor : 78, temperatureSensor : 26.3, severityLevel : 3.42}"}
{"timestamp":"2018-09-29 23:55:30.446 +0900","level":"info","message":"updateAllSensor : { name : EXIT1, flameSensor : 1023, smokeSensor : 80, temperatureSensor : 26.3, severityLevel : 3.44}"}
{"timestamp":"2018-09-29 23:55:40.427 +0900","level":"info","message":"updateAllSensor : { name : EXIT1, flameSensor : 1023, smokeSensor : 79, temperatureSensor : 26.3, severityLevel : 3.43}"}
{"timestamp":"2018-09-29 23:55:50.448 +0900","level":"info","message":"updateAllSensor : { name : EXIT1, flameSensor : 1023, smokeSensor : 79, temperatureSensor : 26.4, severityLevel : 3.44}"}
{"timestamp":"2018-09-29 23:56:00.453 +0900","level":"info","message":"updateAllSensor : { name : EXIT1, flameSensor : 1023, smokeSensor : 79, temperatureSensor : 26.4, severityLevel : 3.44}"}
{"timestamp":"2018-09-29 23:56:10.436 +0900","level":"info","message":"updateAllSensor : { name : EXIT1, flameSensor : 1023, smokeSensor : 79, temperatureSensor : 26.4, severityLevel : 3.44}"}
{"timestamp":"2018-09-29 23:56:20.423 +0900","level":"info","message":"updateAllSensor : { name : EXIT1, flameSensor : 1023, smokeSensor : 79, temperatureSensor : 26.4, severityLevel : 3.44}"}
{"timestamp":"2018-09-29 23:56:30.484 +0900","level":"info","message":"updateAllSensor : { name : EXIT1, flameSensor : 1023, smokeSensor : 80, temperatureSensor : 26.4, severityLevel : 3.45}"}
{"timestamp":"2018-09-29 23:56:40.442 +0900","level":"info","message":"updateAllSensor : { name : EXIT1, flameSensor : 1023, smokeSensor : 79, temperatureSensor : 26.4, severityLevel : 3.44}"}
{"timestamp":"2018-09-29 23:56:50.438 +0900","level":"info","message":"updateAllSensor : { name : EXIT1, flameSensor : 1023, smokeSensor : 79, temperatureSensor : 26.4, severityLevel : 3.44}"}
{"timestamp":"2018-09-29 23:57:00.435 +0900","level":"info","message":"updateAllSensor : { name : EXIT1, flameSensor : 1023, smokeSensor : 78, temperatureSensor : 26.3, severityLevel : 3.42}"}
{"timestamp":"2018-09-29 23:57:10.441 +0900","level":"info","message":"updateAllSensor : { name : EXIT1, flameSensor : 1023, smokeSensor : 79, temperatureSensor : 26.4, severityLevel : 3.44}"}
{"timestamp":"2018-09-29 23:57:20.443 +0900","level":"info","message":"updateAllSensor : { name : EXIT1, flameSensor : 1023, smokeSensor : 79, temperatureSensor : 26.4, severityLevel : 3.44}"}
{"timestamp":"2018-09-29 23:57:30.444 +0900","level":"info","message":"updateAllSensor : { name : EXIT1, flameSensor : 1023, smokeSensor : 79, temperatureSensor : 26.4, severityLevel : 3.44}"}
{"timestamp":"2018-09-29 23:57:40.426 +0900","level":"info","message":"updateAllSensor : { name : EXIT1, flameSensor : 1023, smokeSensor : 79, temperatureSensor : 26.4, severityLevel : 3.44}"}
{"timestamp":"2018-09-29 23:57:50.431 +0900","level":"info","message":"updateAllSensor : { name : EXIT1, flameSensor : 1023, smokeSensor : 78, temperatureSensor : 26.4, severityLevel : 3.43}"}
{"timestamp":"2018-09-29 23:58:00.445 +0900","level":"info","message":"updateAllSensor : { name : EXIT1, flameSensor : 1023, smokeSensor : 79, temperatureSensor : 26.4, severityLevel : 3.44}"}
{"timestamp":"2018-09-29 23:58:10.426 +0900","level":"info","message":"updateAllSensor : { name : EXIT1, flameSensor : 1023, smokeSensor : 79, temperatureSensor : 26.4, severityLevel : 3.44}"}
{"timestamp":"2018-09-29 23:58:20.428 +0900","level":"info","message":"updateAllSensor : { name : EXIT1, flameSensor : 1023, smokeSensor : 78, temperatureSensor : 26.4, severityLevel : 3.43}"}
{"timestamp":"2018-09-29 23:58:30.437 +0900","level":"info","message":"updateAllSensor : { name : EXIT1, flameSensor : 1023, smokeSensor : 79, temperatureSensor : 26.4, severityLevel : 3.44}"}
{"timestamp":"2018-09-29 23:58:40.449 +0900","level":"info","message":"updateAllSensor : { name : EXIT1, flameSensor : 1023, smokeSensor : 80, temperatureSensor : 26.4, severityLevel : 3.45}"}
{"timestamp":"2018-09-29 23:58:50.431 +0900","level":"info","message":"updateAllSensor : { name : EXIT1, flameSensor : 1023, smokeSensor : 78, temperatureSensor : 26.4, severityLevel : 3.43}"}
{"timestamp":"2018-09-29 23:59:00.444 +0900","level":"info","message":"updateAllSensor : { name : EXIT1, flameSensor : 1023, smokeSensor : 79, temperatureSensor : 26.3, severityLevel : 3.43}"}
{"timestamp":"2018-09-29 23:59:10.438 +0900","level":"info","message":"updateAllSensor : { name : EXIT1, flameSensor : 1023, smokeSensor : 78, temperatureSensor : 26.4, severityLevel : 3.43}"}
{"timestamp":"2018-09-29 23:59:20.422 +0900","level":"info","message":"updateAllSensor : { name : EXIT1, flameSensor : 1023, smokeSensor : 78, temperatureSensor : 26.4, severityLevel : 3.43}"}
{"timestamp":"2018-09-29 23:59:30.449 +0900","level":"info","message":"updateAllSensor : { name : EXIT1, flameSensor : 1023, smokeSensor : 78, temperatureSensor : 26.3, severityLevel : 3.42}"}
{"timestamp":"2018-09-29 23:59:40.435 +0900","level":"info","message":"updateAllSensor : { name : EXIT1, flameSensor : 1023, smokeSensor : 77, temperatureSensor : 26.3, severityLevel : 3.41}"}
{"timestamp":"2018-09-29 23:59:52.452 +0900","level":"info","message":"updateAllSensor : { name : EXIT1, flameSensor : 1023, smokeSensor : 77, temperatureSensor : 26.3, severityLevel : 3.41}"}
